<?xml version="1.0" encoding="UTF-8"?>
<!-- Generated by org.testng.reporters.JUnitReportReporter -->
<testsuite hostname="Churchill" failures="0" tests="1" name="Selenium_Pratices.Program1Test" time="8.718" errors="0" timestamp="2024-10-23T17:51:21 IST" skipped="0">
  <testcase classname="Selenium_Pratices.Program1Test" name="testcase1" time="8.718"/>
  <system-out/>
</testsuite> <!-- Selenium_Pratices.Program1Test -->
