<?xml version="1.0" encoding="UTF-8"?>
<!-- Generated by org.testng.reporters.JUnitReportReporter -->
<testsuite hostname="Churchill" failures="0" tests="1" name="Selenium_Pratices.Github" time="0.017" errors="0" timestamp="2024-10-28T16:16:31 IST" skipped="0">
  <testcase classname="Selenium_Pratices.Github" name="tesecase" time="0.017"/>
  <system-out>
    <![CDATA[This Class is Githud Class]]>
  </system-out>
</testsuite> <!-- Selenium_Pratices.Github -->
