<?xml version="1.0" encoding="UTF-8"?>
<!-- Generated by org.testng.reporters.JUnitReportReporter -->
<testsuite hostname="Churchill" failures="0" tests="1" name="Selenium_Pratices.Extent_Report_ScreenShot" time="10.408" errors="0" timestamp="2024-10-24T17:46:53 IST" skipped="0">
  <testcase classname="Selenium_Pratices.Extent_Report_ScreenShot" name="testcase" time="10.408"/>
  <system-out/>
</testsuite> <!-- Selenium_Pratices.Extent_Report_ScreenShot -->
