<?xml version="1.0" encoding="UTF-8"?>
<!-- Generated by org.testng.reporters.JUnitReportReporter -->
<testsuite hostname="Churchill" failures="0" tests="1" name="Selenium_Pratices.Program" time="2.149" errors="0" timestamp="2024-10-10T17:47:41 IST" skipped="0">
  <testcase classname="Selenium_Pratices.Program" name="Testcase" time="2.149"/>
  <system-out/>
</testsuite> <!-- Selenium_Pratices.Program -->
